<?xml version="1.0" encoding="UTF-8"?>
<!-- Generated by org.testng.reporters.JUnitReportReporter -->
<testsuite skipped="0" hostname="rasta" name="com.APITest.tests.SampleAPITests" tests="2" failures="0" timestamp="21 Dec 2018 01:33:52 GMT" time="6.294" errors="0">
  <testcase name="s200_Get_PComments" time="5.064" classname="com.APITest.tests.SampleAPITests"/>
  <testcase name="s200_Get_WeatherInfoByZipcode" time="1.230" classname="com.APITest.tests.SampleAPITests"/>
</testsuite> <!-- com.APITest.tests.SampleAPITests -->
