<?xml version="1.0" encoding="UTF-8"?>
<!-- Generated by org.testng.reporters.JUnitReportReporter -->
<testsuite skipped="0" hostname="rasta" name="com.APITest.tests.SamplePostRequest" tests="2" failures="0" timestamp="21 Dec 2018 01:33:52 GMT" time="5.307" errors="0">
  <testcase name="s400_MissingEmailField_ErrorReturned" time="1.096" classname="com.APITest.tests.SamplePostRequest"/>
  <testcase name="s200_RegisterTokenReturned" time="4.211" classname="com.APITest.tests.SamplePostRequest"/>
</testsuite> <!-- com.APITest.tests.SamplePostRequest -->
