<?xml version="1.0" encoding="UTF-8"?>
<!-- Generated by org.testng.reporters.JUnitReportReporter -->
<testsuite skipped="0" hostname="rasta" name="com.APITest.tests.SamplePostRequest" tests="2" failures="0" timestamp="21 Feb 2019 00:14:29 GMT" time="3.227" errors="0">
  <testcase name="s200_RegisterTokenReturned" time="2.500" classname="com.APITest.tests.SamplePostRequest"/>
  <testcase name="s400_MissingEmailField_ErrorReturned" time="0.727" classname="com.APITest.tests.SamplePostRequest"/>
</testsuite> <!-- com.APITest.tests.SamplePostRequest -->
