<?xml version="1.0" encoding="UTF-8"?>
<!-- Generated by org.testng.reporters.JUnitReportReporter -->
<testsuite skipped="0" hostname="rasta" name="com.APITest.tests.SamplePostRequest" tests="2" failures="0" timestamp="09 Feb 2019 13:49:15 GMT" time="4.315" errors="0">
  <testcase name="s400_MissingEmailField_ErrorReturned" time="0.920" classname="com.APITest.tests.SamplePostRequest"/>
  <testcase name="s200_RegisterTokenReturned" time="3.395" classname="com.APITest.tests.SamplePostRequest"/>
</testsuite> <!-- com.APITest.tests.SamplePostRequest -->
